[35m[Appium][39m Welcome to Appium v2.5.1
[35m[Appium][39m Non-default server args:
[35m[Appium][39m { basePath: [32m'/wd/hub'[39m, loglevel: [32m'info'[39m, port: [33m60418[39m }
[35m[Appium][39m Attempting to load driver uiautomator2...
[35m[Appium][39m Attempting to load driver chromium...
[35m[Appium][39m Attempting to load driver flutter...
[35m[Appium][39m Appium REST http interface listener started on http://0.0.0.0:60418/wd/hub
[35m[Appium][39m You can provide the following URLs in your client code to connect to this server:
[35m[Appium][39m 	http://192.168.68.69:60418/wd/hub
[35m[Appium][39m 	http://127.0.0.1:60418/wd/hub (only accessible from the same host)
[35m[Appium][39m Available drivers:
[35m[Appium][39m   - uiautomator2@3.0.0 (automationName 'UiAutomator2')
[35m[Appium][39m   - chromium@1.3.20 (automationName 'Chromium')
[35m[Appium][39m   - flutter@2.9.0 (automationName 'Flutter')
[35m[Appium][39m No plugins have been installed. Use the "appium plugin" command to install the one(s) you want to use.
[38;5;0m[HTTP][0m [37m-->[39m [37mGET[39m [37m/wd/hub/status[39m
[38;5;0m[HTTP][0m [90m{}[39m
[38;5;0m[HTTP][0m [37m<-- GET /wd/hub/status [39m[32m200[39m [90m3 ms - 110[39m
[38;5;0m[HTTP][0m [90m[39m
[38;5;0m[HTTP][0m [37m-->[39m [37mGET[39m [37m/wd/hub/status[39m
[38;5;0m[HTTP][0m [90m{}[39m
[38;5;0m[HTTP][0m [37m<-- GET /wd/hub/status [39m[32m200[39m [90m1 ms - 110[39m
[38;5;0m[HTTP][0m [90m[39m
[38;5;0m[HTTP][0m [37m-->[39m [37mPOST[39m [37m/wd/hub/session[39m
[38;5;0m[HTTP][0m [90m{"capabilities":{"firstMatch":[{"appium:autoGrantPermissions":true,"appium:automationName":"uiautomator2","appium:deviceName":"emulator-5554 (sdk_gphone64_x86_64 - Android 14)","appium:newCommandTimeout":1800,"appium:platformVersion":"14","appium:systemPort":8251,"appium:udid":"emulator-5554","platformName":"ANDROID"}]},"desiredCapabilities":{"appium:autoGrantPermissions":true,"appium:automationName":"uiautomator2","appium:deviceName":"emulator-5554 (sdk_gphone64_x86_64 - Android 14)","appium:newCommandTimeout":1800,"appium:platformVersion":"14","appium:systemPort":8251,"appium:udid":"emulator-5554","platformName":"ANDROID"}}[39m
[35m[Appium][39m Attempting to find matching driver for automationName 'uiautomator2' and platformName 'ANDROID'
[35m[Appium][39m The 'uiautomator2' driver was installed and matched caps.
[35m[Appium][39m Will require it at C:\Users\pravi\.appium\node_modules\appium-uiautomator2-driver
[38;5;16m[AppiumDriver@123a][0m Appium v2.5.1 creating new AndroidUiautomator2Driver (v3.0.0) session
[38;5;16m[AppiumDriver@123a][0m Checking BaseDriver versions for Appium and AndroidUiautomator2Driver
[38;5;16m[AppiumDriver@123a][0m Appium's BaseDriver version is 9.5.2
[38;5;16m[AppiumDriver@123a][0m AndroidUiautomator2Driver's BaseDriver version is 9.11.2
[38;5;32m[AndroidUiautomator2Driver@03bf][0m Session created with session id: a5964f4f-9bb4-4cf3-a8eb-2b17ed31a728
[38;5;48m[ADB][0m Found 3 'build-tools' folders under 'C:\Users\pravi\AppData\Local\Android\sdk' (newest first):
[38;5;48m[ADB][0m     C:\Users\pravi\AppData\Local\Android\sdk\build-tools\35.0.0
[38;5;48m[ADB][0m     C:\Users\pravi\AppData\Local\Android\sdk\build-tools\34.0.0
[38;5;48m[ADB][0m     C:\Users\pravi\AppData\Local\Android\sdk\build-tools\30.0.3
[38;5;48m[ADB][0m Using 'adb.exe' from 'C:\Users\pravi\AppData\Local\Android\sdk\platform-tools\adb.exe'
[38;5;32m[AndroidUiautomator2Driver@03bf][0m Retrieving device list
[38;5;32m[AndroidUiautomator2Driver@03bf][0m Using device: emulator-5554
[38;5;48m[ADB][0m Using 'adb.exe' from 'C:\Users\pravi\AppData\Local\Android\sdk\platform-tools\adb.exe'
[38;5;32m[AndroidUiautomator2Driver@03bf][0m Neither 'app' nor 'appPackage' was set. Starting UiAutomator2 without the target application
[38;5;48m[ADB][0m Getting device platform version
[38;5;32m[AndroidUiautomator2Driver@03bf][0m Relaxing hidden api policy
[38;5;32m[AndroidUiautomator2Driver@03bf][0m No app sent in, not parsing package/activity
[38;5;48m[ADB][0m Using 'aapt2.exe' from 'C:\Users\pravi\AppData\Local\Android\sdk\build-tools\35.0.0\aapt2.exe'
[38;5;48m[ADB][0m Using 'apksigner.jar' from 'C:\Users\pravi\AppData\Local\Android\sdk\build-tools\35.0.0\lib\apksigner.jar'
[38;5;48m[ADB][0m 'C:\Users\pravi\.appium\node_modules\appium-uiautomator2-driver\node_modules\appium-uiautomator2-server\apks\appium-uiautomator2-server-debug-androidTest.apk' is signed with the default certificate
[38;5;48m[ADB][0m 'C:\Users\pravi\.appium\node_modules\appium-uiautomator2-driver\node_modules\appium-uiautomator2-server\apks\appium-uiautomator2-server-v7.0.0.apk' is signed with the default certificate
[38;5;32m[AndroidUiautomator2Driver@03bf][0m Server packages are not going to be (re)installed
[38;5;48m[ADB][0m Adding packages ["io.appium.settings","io.appium.uiautomator2.server","io.appium.uiautomator2.server.test"] to Doze whitelist
[38;5;32m[AndroidUiautomator2Driver@03bf][0m Starting UIAutomator2 server 7.0.0
[38;5;32m[AndroidUiautomator2Driver@03bf][0m Using UIAutomator2 server from 'C:\Users\pravi\.appium\node_modules\appium-uiautomator2-driver\node_modules\appium-uiautomator2-server\apks\appium-uiautomator2-server-v7.0.0.apk' and test from 'C:\Users\pravi\.appium\node_modules\appium-uiautomator2-driver\node_modules\appium-uiautomator2-server\apks\appium-uiautomator2-server-debug-androidTest.apk'
[38;5;32m[AndroidUiautomator2Driver@03bf][0m Waiting up to 30000ms for UiAutomator2 to be online...
[38;5;32m[AndroidUiautomator2Driver@03bf][0m socket hang up
[38;5;32m[AndroidUiautomator2Driver@03bf][0m socket hang up
[38;5;32m[AndroidUiautomator2Driver@03bf][0m socket hang up
[38;5;32m[AndroidUiautomator2Driver@03bf][0m Determined the downstream protocol as 'W3C'
[38;5;32m[AndroidUiautomator2Driver@03bf][0m Screen already unlocked, doing nothing
[38;5;16m[AppiumDriver@123a][0m New AndroidUiautomator2Driver session created successfully, session a5964f4f-9bb4-4cf3-a8eb-2b17ed31a728 added to master session list
[38;5;0m[HTTP][0m [37m<-- POST /wd/hub/session [39m[32m200[39m [90m4700 ms - 996[39m
[38;5;0m[HTTP][0m [90m[39m
[38;5;0m[HTTP][0m [37m-->[39m [37mGET[39m [37m/status[39m
[38;5;0m[HTTP][0m [90m{}[39m
[38;5;0m[HTTP][0m [37m<-- GET /status [39m[33m404[39m [90m4 ms - 211[39m
[38;5;0m[HTTP][0m [90m[39m
[38;5;0m[HTTP][0m [37m-->[39m [37mPOST[39m [37m/wd/hub/session/a5964f4f-9bb4-4cf3-a8eb-2b17ed31a728/timeouts[39m
[38;5;0m[HTTP][0m [90m{"implicit":60000}[39m
[38;5;0m[HTTP][0m [37m<-- POST /wd/hub/session/a5964f4f-9bb4-4cf3-a8eb-2b17ed31a728/timeouts [39m[32m200[39m [90m2 ms - 14[39m
[38;5;0m[HTTP][0m [90m[39m
[38;5;0m[HTTP][0m [37m-->[39m [37mPOST[39m [37m/wd/hub/session/a5964f4f-9bb4-4cf3-a8eb-2b17ed31a728/execute/sync[39m
[38;5;0m[HTTP][0m [90m{"args":[],"script":"mobile: getSystemBars"}[39m
[38;5;32m[AndroidUiautomator2Driver@03bf][0m Executing method 'mobile: getSystemBars'
[38;5;32m[AndroidUiautomator2Driver@03bf][0m No windows have been found whose title matches to 'NavigationBar'. Assuming it is invisible. Only the following windows are available: ScreenDecorOverlayBottom,ScreenDecorOverlay,EdgeBackGestureHandler0,Taskbar,NotificationShade,StatusBar,ShellDropTarget,InputMethod
[38;5;0m[HTTP][0m [37m<-- POST /wd/hub/session/a5964f4f-9bb4-4cf3-a8eb-2b17ed31a728/execute/sync [39m[32m200[39m [90m48 ms - 144[39m
[38;5;0m[HTTP][0m [90m[39m
[38;5;0m[HTTP][0m [37m-->[39m [37mPOST[39m [37m/wd/hub/session/a5964f4f-9bb4-4cf3-a8eb-2b17ed31a728/execute/sync[39m
[38;5;0m[HTTP][0m [90m{"args":[{"appId":"org.telegram.messenger.web","bundleId":"org.telegram.messenger.web"}],"script":"mobile: activateApp"}[39m
[38;5;32m[AndroidUiautomator2Driver@03bf][0m Executing method 'mobile: activateApp'
[38;5;0m[HTTP][0m [37m<-- POST /wd/hub/session/a5964f4f-9bb4-4cf3-a8eb-2b17ed31a728/execute/sync [39m[32m200[39m [90m91 ms - 14[39m
[38;5;0m[HTTP][0m [90m[39m
[38;5;0m[HTTP][0m [37m-->[39m [37mGET[39m [37m/wd/hub/session/a5964f4f-9bb4-4cf3-a8eb-2b17ed31a728/source[39m
[38;5;0m[HTTP][0m [90m{}[39m
[38;5;32m[AndroidUiautomator2Driver@03bf][0m Driver proxy active, passing request on via HTTP proxy
[38;5;32m[AndroidUiautomator2Driver@03bf][0m Replacing sessionId cc63cc4d-523f-4378-a4a7-cdb18ce39842 with a5964f4f-9bb4-4cf3-a8eb-2b17ed31a728
[38;5;0m[HTTP][0m [37m<-- GET /wd/hub/session/a5964f4f-9bb4-4cf3-a8eb-2b17ed31a728/source [39m[32m200[39m [90m1483 ms - 10854[39m
[38;5;0m[HTTP][0m [90m[39m
[38;5;0m[HTTP][0m [37m-->[39m [37mGET[39m [37m/wd/hub/session/a5964f4f-9bb4-4cf3-a8eb-2b17ed31a728/screenshot[39m
[38;5;0m[HTTP][0m [90m{}[39m
[38;5;0m[HTTP][0m [37m<-- GET /wd/hub/session/a5964f4f-9bb4-4cf3-a8eb-2b17ed31a728/screenshot [39m[32m200[39m [90m407 ms - 106968[39m
[38;5;0m[HTTP][0m [90m[39m
[38;5;0m[HTTP][0m [37m-->[39m [37mGET[39m [37m/wd/hub/session/a5964f4f-9bb4-4cf3-a8eb-2b17ed31a728/source[39m
[38;5;0m[HTTP][0m [90m{}[39m
[38;5;32m[AndroidUiautomator2Driver@03bf][0m Driver proxy active, passing request on via HTTP proxy
[38;5;32m[AndroidUiautomator2Driver@03bf][0m Replacing sessionId cc63cc4d-523f-4378-a4a7-cdb18ce39842 with a5964f4f-9bb4-4cf3-a8eb-2b17ed31a728
[38;5;0m[HTTP][0m [37m<-- GET /wd/hub/session/a5964f4f-9bb4-4cf3-a8eb-2b17ed31a728/source [39m[32m200[39m [90m48 ms - 10838[39m
[38;5;0m[HTTP][0m [90m[39m
[38;5;0m[HTTP][0m [37m-->[39m [37mGET[39m [37m/wd/hub/session/a5964f4f-9bb4-4cf3-a8eb-2b17ed31a728/screenshot[39m
[38;5;0m[HTTP][0m [90m{}[39m
[38;5;0m[HTTP][0m [37m<-- GET /wd/hub/session/a5964f4f-9bb4-4cf3-a8eb-2b17ed31a728/screenshot [39m[32m200[39m [90m310 ms - 103884[39m
[38;5;0m[HTTP][0m [90m[39m
[38;5;0m[HTTP][0m [37m-->[39m [37mGET[39m [37m/wd/hub/session/a5964f4f-9bb4-4cf3-a8eb-2b17ed31a728/timeouts[39m
[38;5;0m[HTTP][0m [90m{}[39m
[38;5;0m[HTTP][0m [37m<-- GET /wd/hub/session/a5964f4f-9bb4-4cf3-a8eb-2b17ed31a728/timeouts [39m[32m200[39m [90m1 ms - 46[39m
[38;5;0m[HTTP][0m [90m[39m
[38;5;0m[HTTP][0m [37m-->[39m [37mPOST[39m [37m/wd/hub/session/a5964f4f-9bb4-4cf3-a8eb-2b17ed31a728/timeouts[39m
[38;5;0m[HTTP][0m [90m{"implicit":0}[39m
[38;5;0m[HTTP][0m [37m<-- POST /wd/hub/session/a5964f4f-9bb4-4cf3-a8eb-2b17ed31a728/timeouts [39m[32m200[39m [90m1 ms - 14[39m
[38;5;0m[HTTP][0m [90m[39m
[38;5;0m[HTTP][0m [37m-->[39m [37mPOST[39m [37m/wd/hub/session/a5964f4f-9bb4-4cf3-a8eb-2b17ed31a728/elements[39m
[38;5;0m[HTTP][0m [90m{"value":"//*[@class = 'android.widget.TextView' and (@text = 'Start Messaging' or . = 'Start Messaging')]","using":"xpath"}[39m
[38;5;0m[HTTP][0m [37m<-- POST /wd/hub/session/a5964f4f-9bb4-4cf3-a8eb-2b17ed31a728/elements [39m[32m200[39m [90m385 ms - 139[39m
[38;5;0m[HTTP][0m [90m[39m
[38;5;0m[HTTP][0m [37m-->[39m [37mPOST[39m [37m/wd/hub/session/a5964f4f-9bb4-4cf3-a8eb-2b17ed31a728/timeouts[39m
[38;5;0m[HTTP][0m [90m{"implicit":60000}[39m
[38;5;0m[HTTP][0m [37m<-- POST /wd/hub/session/a5964f4f-9bb4-4cf3-a8eb-2b17ed31a728/timeouts [39m[32m200[39m [90m1 ms - 14[39m
[38;5;0m[HTTP][0m [90m[39m
[38;5;0m[HTTP][0m [37m-->[39m [37mPOST[39m [37m/wd/hub/session/a5964f4f-9bb4-4cf3-a8eb-2b17ed31a728/element/00000000-0000-002a-ffff-ffff0000000e/click[39m
[38;5;0m[HTTP][0m [90m{"id":"00000000-0000-002a-ffff-ffff0000000e"}[39m
[38;5;0m[HTTP][0m [37m<-- POST /wd/hub/session/a5964f4f-9bb4-4cf3-a8eb-2b17ed31a728/element/00000000-0000-002a-ffff-ffff0000000e/click [39m[32m200[39m [90m96 ms - 14[39m
[38;5;0m[HTTP][0m [90m[39m
[38;5;0m[HTTP][0m [37m-->[39m [37mGET[39m [37m/wd/hub/session/a5964f4f-9bb4-4cf3-a8eb-2b17ed31a728/source[39m
[38;5;0m[HTTP][0m [90m{}[39m
[38;5;32m[AndroidUiautomator2Driver@03bf][0m Driver proxy active, passing request on via HTTP proxy
[38;5;32m[AndroidUiautomator2Driver@03bf][0m Replacing sessionId cc63cc4d-523f-4378-a4a7-cdb18ce39842 with a5964f4f-9bb4-4cf3-a8eb-2b17ed31a728
[38;5;0m[HTTP][0m [37m<-- GET /wd/hub/session/a5964f4f-9bb4-4cf3-a8eb-2b17ed31a728/source [39m[32m200[39m [90m717 ms - 18808[39m
[38;5;0m[HTTP][0m [90m[39m
[38;5;0m[HTTP][0m [37m-->[39m [37mGET[39m [37m/wd/hub/session/a5964f4f-9bb4-4cf3-a8eb-2b17ed31a728/screenshot[39m
[38;5;0m[HTTP][0m [90m{}[39m
[38;5;0m[HTTP][0m [37m<-- GET /wd/hub/session/a5964f4f-9bb4-4cf3-a8eb-2b17ed31a728/screenshot [39m[32m200[39m [90m253 ms - 162180[39m
[38;5;0m[HTTP][0m [90m[39m
[38;5;0m[HTTP][0m [37m-->[39m [37mGET[39m [37m/wd/hub/session/a5964f4f-9bb4-4cf3-a8eb-2b17ed31a728/timeouts[39m
[38;5;0m[HTTP][0m [90m{}[39m
[38;5;0m[HTTP][0m [37m<-- GET /wd/hub/session/a5964f4f-9bb4-4cf3-a8eb-2b17ed31a728/timeouts [39m[32m200[39m [90m1 ms - 46[39m
[38;5;0m[HTTP][0m [90m[39m
[38;5;0m[HTTP][0m [37m-->[39m [37mPOST[39m [37m/wd/hub/session/a5964f4f-9bb4-4cf3-a8eb-2b17ed31a728/timeouts[39m
[38;5;0m[HTTP][0m [90m{"implicit":0}[39m
[38;5;0m[HTTP][0m [37m<-- POST /wd/hub/session/a5964f4f-9bb4-4cf3-a8eb-2b17ed31a728/timeouts [39m[32m200[39m [90m1 ms - 14[39m
[38;5;0m[HTTP][0m [90m[39m
[38;5;0m[HTTP][0m [37m-->[39m [37mPOST[39m [37m/wd/hub/session/a5964f4f-9bb4-4cf3-a8eb-2b17ed31a728/timeouts[39m
[38;5;0m[HTTP][0m [90m{"implicit":60000}[39m
[38;5;0m[HTTP][0m [37m<-- POST /wd/hub/session/a5964f4f-9bb4-4cf3-a8eb-2b17ed31a728/timeouts [39m[32m200[39m [90m1 ms - 14[39m
[38;5;0m[HTTP][0m [90m[39m
[38;5;0m[HTTP][0m [37m-->[39m [37mGET[39m [37m/wd/hub/session/a5964f4f-9bb4-4cf3-a8eb-2b17ed31a728/timeouts[39m
[38;5;0m[HTTP][0m [90m{}[39m
[38;5;0m[HTTP][0m [37m<-- GET /wd/hub/session/a5964f4f-9bb4-4cf3-a8eb-2b17ed31a728/timeouts [39m[32m200[39m [90m1 ms - 46[39m
[38;5;0m[HTTP][0m [90m[39m
[38;5;0m[HTTP][0m [37m-->[39m [37mPOST[39m [37m/wd/hub/session/a5964f4f-9bb4-4cf3-a8eb-2b17ed31a728/timeouts[39m
[38;5;0m[HTTP][0m [90m{"implicit":0}[39m
[38;5;0m[HTTP][0m [37m<-- POST /wd/hub/session/a5964f4f-9bb4-4cf3-a8eb-2b17ed31a728/timeouts [39m[32m200[39m [90m1 ms - 14[39m
[38;5;0m[HTTP][0m [90m[39m
[38;5;0m[HTTP][0m [37m-->[39m [37mPOST[39m [37m/wd/hub/session/a5964f4f-9bb4-4cf3-a8eb-2b17ed31a728/timeouts[39m
[38;5;0m[HTTP][0m [90m{"implicit":60000}[39m
[38;5;0m[HTTP][0m [37m<-- POST /wd/hub/session/a5964f4f-9bb4-4cf3-a8eb-2b17ed31a728/timeouts [39m[32m200[39m [90m1 ms - 14[39m
[38;5;0m[HTTP][0m [90m[39m
[38;5;0m[HTTP][0m [37m-->[39m [37mGET[39m [37m/wd/hub/session/a5964f4f-9bb4-4cf3-a8eb-2b17ed31a728/timeouts[39m
[38;5;0m[HTTP][0m [90m{}[39m
[38;5;0m[HTTP][0m [37m<-- GET /wd/hub/session/a5964f4f-9bb4-4cf3-a8eb-2b17ed31a728/timeouts [39m[32m200[39m [90m1 ms - 46[39m
[38;5;0m[HTTP][0m [90m[39m
[38;5;0m[HTTP][0m [37m-->[39m [37mPOST[39m [37m/wd/hub/session/a5964f4f-9bb4-4cf3-a8eb-2b17ed31a728/timeouts[39m
[38;5;0m[HTTP][0m [90m{"implicit":0}[39m
[38;5;0m[HTTP][0m [37m<-- POST /wd/hub/session/a5964f4f-9bb4-4cf3-a8eb-2b17ed31a728/timeouts [39m[32m200[39m [90m1 ms - 14[39m
[38;5;0m[HTTP][0m [90m[39m
[38;5;0m[HTTP][0m [37m-->[39m [37mPOST[39m [37m/wd/hub/session/a5964f4f-9bb4-4cf3-a8eb-2b17ed31a728/elements[39m
[38;5;0m[HTTP][0m [90m{"value":"//*[@class = 'android.view.View' and (@text = '' or . = '')]","using":"xpath"}[39m
[38;5;0m[HTTP][0m [37m<-- POST /wd/hub/session/a5964f4f-9bb4-4cf3-a8eb-2b17ed31a728/elements [39m[32m200[39m [90m104 ms - 1675[39m
[38;5;0m[HTTP][0m [90m[39m
[38;5;0m[HTTP][0m [37m-->[39m [37mPOST[39m [37m/wd/hub/session/a5964f4f-9bb4-4cf3-a8eb-2b17ed31a728/timeouts[39m
[38;5;0m[HTTP][0m [90m{"implicit":60000}[39m
[38;5;0m[HTTP][0m [37m<-- POST /wd/hub/session/a5964f4f-9bb4-4cf3-a8eb-2b17ed31a728/timeouts [39m[32m200[39m [90m1 ms - 14[39m
[38;5;0m[HTTP][0m [90m[39m
[38;5;0m[HTTP][0m [37m-->[39m [37mPOST[39m [37m/wd/hub/session/a5964f4f-9bb4-4cf3-a8eb-2b17ed31a728/element/00000000-0000-002a-ffff-ffff0000003c/click[39m
[38;5;0m[HTTP][0m [90m{"id":"00000000-0000-002a-ffff-ffff0000003c"}[39m
[38;5;0m[HTTP][0m [37m<-- POST /wd/hub/session/a5964f4f-9bb4-4cf3-a8eb-2b17ed31a728/element/00000000-0000-002a-ffff-ffff0000003c/click [39m[32m200[39m [90m82 ms - 14[39m
[38;5;0m[HTTP][0m [90m[39m
[38;5;0m[HTTP][0m [37m-->[39m [37mGET[39m [37m/wd/hub/session/a5964f4f-9bb4-4cf3-a8eb-2b17ed31a728/source[39m
[38;5;0m[HTTP][0m [90m{}[39m
[38;5;32m[AndroidUiautomator2Driver@03bf][0m Driver proxy active, passing request on via HTTP proxy
[38;5;32m[AndroidUiautomator2Driver@03bf][0m Replacing sessionId cc63cc4d-523f-4378-a4a7-cdb18ce39842 with a5964f4f-9bb4-4cf3-a8eb-2b17ed31a728
[38;5;0m[HTTP][0m [37m<-- GET /wd/hub/session/a5964f4f-9bb4-4cf3-a8eb-2b17ed31a728/source [39m[32m200[39m [90m56 ms - 18808[39m
[38;5;0m[HTTP][0m [90m[39m
[38;5;0m[HTTP][0m [37m-->[39m [37mGET[39m [37m/wd/hub/session/a5964f4f-9bb4-4cf3-a8eb-2b17ed31a728/screenshot[39m
[38;5;0m[HTTP][0m [90m{}[39m
[38;5;0m[HTTP][0m [37m<-- GET /wd/hub/session/a5964f4f-9bb4-4cf3-a8eb-2b17ed31a728/screenshot [39m[32m200[39m [90m246 ms - 161064[39m
[38;5;0m[HTTP][0m [90m[39m
[38;5;0m[HTTP][0m [37m-->[39m [37mGET[39m [37m/wd/hub/session/a5964f4f-9bb4-4cf3-a8eb-2b17ed31a728/timeouts[39m
[38;5;0m[HTTP][0m [90m{}[39m
[38;5;0m[HTTP][0m [37m<-- GET /wd/hub/session/a5964f4f-9bb4-4cf3-a8eb-2b17ed31a728/timeouts [39m[32m200[39m [90m1 ms - 46[39m
[38;5;0m[HTTP][0m [90m[39m
[38;5;0m[HTTP][0m [37m-->[39m [37mPOST[39m [37m/wd/hub/session/a5964f4f-9bb4-4cf3-a8eb-2b17ed31a728/timeouts[39m
[38;5;0m[HTTP][0m [90m{"implicit":0}[39m
[38;5;0m[HTTP][0m [37m<-- POST /wd/hub/session/a5964f4f-9bb4-4cf3-a8eb-2b17ed31a728/timeouts [39m[32m200[39m [90m1 ms - 14[39m
[38;5;0m[HTTP][0m [90m[39m
[38;5;0m[HTTP][0m [37m-->[39m [37mPOST[39m [37m/wd/hub/session/a5964f4f-9bb4-4cf3-a8eb-2b17ed31a728/elements[39m
[38;5;0m[HTTP][0m [90m{"value":"new UiSelector().className(\"android.view.View\").packageName(\"org.telegram.messenger.web\").enabled(true).clickable(false).longClickable(false).checkable(false).checked(false).focusable(false).focused(false).scrollable(false).selected(false).index(0)","using":"-android uiautomator"}[39m
[38;5;0m[HTTP][0m [37m<-- POST /wd/hub/session/a5964f4f-9bb4-4cf3-a8eb-2b17ed31a728/elements [39m[32m200[39m [90m304 ms - 139[39m
[38;5;0m[HTTP][0m [90m[39m
[38;5;0m[HTTP][0m [37m-->[39m [37mPOST[39m [37m/wd/hub/session/a5964f4f-9bb4-4cf3-a8eb-2b17ed31a728/timeouts[39m
[38;5;0m[HTTP][0m [90m{"implicit":60000}[39m
[38;5;0m[HTTP][0m [37m<-- POST /wd/hub/session/a5964f4f-9bb4-4cf3-a8eb-2b17ed31a728/timeouts [39m[32m200[39m [90m1 ms - 14[39m
[38;5;0m[HTTP][0m [90m[39m
[38;5;0m[HTTP][0m [37m-->[39m [37mGET[39m [37m/wd/hub/session/a5964f4f-9bb4-4cf3-a8eb-2b17ed31a728/element/00000000-0000-002a-ffff-ffff00000123/rect[39m
[38;5;0m[HTTP][0m [90m{}[39m
[38;5;32m[AndroidUiautomator2Driver@03bf][0m Driver proxy active, passing request on via HTTP proxy
[38;5;32m[AndroidUiautomator2Driver@03bf][0m Replacing sessionId cc63cc4d-523f-4378-a4a7-cdb18ce39842 with a5964f4f-9bb4-4cf3-a8eb-2b17ed31a728
[38;5;0m[HTTP][0m [37m<-- GET /wd/hub/session/a5964f4f-9bb4-4cf3-a8eb-2b17ed31a728/element/00000000-0000-002a-ffff-ffff00000123/rect [39m[32m200[39m [90m46 ms - 105[39m
[38;5;0m[HTTP][0m [90m[39m
[38;5;0m[HTTP][0m [37m-->[39m [37mGET[39m [37m/wd/hub/session/a5964f4f-9bb4-4cf3-a8eb-2b17ed31a728/element/00000000-0000-002a-ffff-ffff00000123/rect[39m
[38;5;0m[HTTP][0m [90m{}[39m
[38;5;32m[AndroidUiautomator2Driver@03bf][0m Driver proxy active, passing request on via HTTP proxy
[38;5;32m[AndroidUiautomator2Driver@03bf][0m Replacing sessionId cc63cc4d-523f-4378-a4a7-cdb18ce39842 with a5964f4f-9bb4-4cf3-a8eb-2b17ed31a728
[38;5;0m[HTTP][0m [37m<-- GET /wd/hub/session/a5964f4f-9bb4-4cf3-a8eb-2b17ed31a728/element/00000000-0000-002a-ffff-ffff00000123/rect [39m[32m200[39m [90m45 ms - 105[39m
[38;5;0m[HTTP][0m [90m[39m
[38;5;0m[HTTP][0m [37m-->[39m [37mDELETE[39m [37m/wd/hub/session/a5964f4f-9bb4-4cf3-a8eb-2b17ed31a728[39m
[38;5;0m[HTTP][0m [90m{}[39m
[38;5;16m[AppiumDriver@123a][0m Removing session a5964f4f-9bb4-4cf3-a8eb-2b17ed31a728 from our master session list
[38;5;32m[AndroidUiautomator2Driver@03bf][0m Restoring hidden api policy to the device default configuration
[38;5;0m[HTTP][0m [37m<-- DELETE /wd/hub/session/a5964f4f-9bb4-4cf3-a8eb-2b17ed31a728 [39m[32m200[39m [90m106 ms - 14[39m
[38;5;0m[HTTP][0m [90m[39m
